# JRE version: Java(TM) SE Runtime Environment (22.0.1+8) (build 22.0.1+8-16)
# Java VM: Java HotSpot(TM) 64-Bit Server VM (22.0.1+8-16, mixed mode, sharing, tiered, compressed oops, compressed class ptrs, g1 gc, windows-amd64)
GC Precious Log:
 CardTable entry size: 512
 Card Set container configuration: InlinePtr #cards 5 size 8 Array Of Cards #cards 12 size 40 Howl #buckets 4 coarsen threshold 1843 Howl Bitmap #cards 512 size 80 coarsen threshold 460 Card regions per heap region 1 cards per card region 2048
 CPUs: 4 total, 4 available
 Memory: 4016M
 Large Page Support: Disabled
 NUMA Support: Disabled
 Compressed Oops: Enabled (32-bit)
 Heap Region Size: 1M
 Heap Min Capacity: 8M
 Heap Initial Capacity: 64M
 Heap Max Capacity: 1006M
 Pre-touch: Disabled
 Parallel Workers: 4
 Concurrent Workers: 1
 Concurrent Refinement Workers: 4
 Periodic GC: Disabled
Heap:
 garbage-first heap   total reserved 1030144K, committed 45056K, used 20934K [0x00000000c1200000, 0x0000000100000000)
  region size 1024K, 10 young (10240K), 3 survivors (3072K)
 Metaspace       used 26495K, committed 26944K, reserved 1114112K
  class space    used 3238K, committed 3456K, reserved 1048576K
GC Heap History (14 events):
Event: 1.128 GC heap before
{Heap before GC invocations=0 (full 0):
 garbage-first heap   total reserved 1030144K, committed 65536K, used 13312K [0x00000000c1200000, 0x0000000100000000)
  region size 1024K, 14 young (14336K), 0 survivors (0K)
 Metaspace       used 3213K, committed 3392K, reserved 1114112K
  class space    used 310K, committed 384K, reserved 1048576K
}
Event: 1.140 GC heap after
{Heap after GC invocations=1 (full 0):
 garbage-first heap   total reserved 1030144K, committed 65536K, used 6912K [0x00000000c1200000, 0x0000000100000000)
  region size 1024K, 2 young (2048K), 2 survivors (2048K)
 Metaspace       used 3213K, committed 3392K, reserved 1114112K
  class space    used 310K, committed 384K, reserved 1048576K
}
Event: 2.117 GC heap before
{Heap before GC invocations=1 (full 0):
 garbage-first heap   total reserved 1030144K, committed 65536K, used 18176K [0x00000000c1200000, 0x0000000100000000)
  region size 1024K, 13 young (13312K), 2 survivors (2048K)
 Metaspace       used 7394K, committed 7680K, reserved 1114112K
  class space    used 832K, committed 960K, reserved 1048576K
}
Event: 2.128 GC heap after
{Heap after GC invocations=2 (full 0):
 garbage-first heap   total reserved 1030144K, committed 65536K, used 8464K [0x00000000c1200000, 0x0000000100000000)
  region size 1024K, 2 young (2048K), 2 survivors (2048K)
 Metaspace       used 7394K, committed 7680K, reserved 1114112K
  class space    used 832K, committed 960K, reserved 1048576K
}
Event: 81.306 GC heap before
{Heap before GC invocations=2 (full 0):
 garbage-first heap   total reserved 1030144K, committed 65536K, used 33040K [0x00000000c1200000, 0x0000000100000000)
  region size 1024K, 26 young (26624K), 2 survivors (2048K)
 Metaspace       used 16954K, committed 17408K, reserved 1114112K
  class space    used 2076K, committed 2304K, reserved 1048576K
}
Event: 81.326 GC heap after
{Heap after GC invocations=3 (full 0):
 garbage-first heap   total reserved 1030144K, committed 65536K, used 11416K [0x00000000c1200000, 0x0000000100000000)
  region size 1024K, 4 young (4096K), 4 survivors (4096K)
 Metaspace       used 16954K, committed 17408K, reserved 1114112K
  class space    used 2076K, committed 2304K, reserved 1048576K
}
Event: 169.319 GC heap before
{Heap before GC invocations=3 (full 0):
 garbage-first heap   total reserved 1030144K, committed 65536K, used 24728K [0x00000000c1200000, 0x0000000100000000)
  region size 1024K, 19 young (19456K), 4 survivors (4096K)
 Metaspace       used 21065K, committed 21504K, reserved 1114112K
  class space    used 2536K, committed 2752K, reserved 1048576K
}
Event: 169.333 GC heap after
{Heap after GC invocations=4 (full 0):
 garbage-first heap   total reserved 1030144K, committed 65536K, used 12928K [0x00000000c1200000, 0x0000000100000000)
  region size 1024K, 2 young (2048K), 2 survivors (2048K)
 Metaspace       used 21065K, committed 21504K, reserved 1114112K
  class space    used 2536K, committed 2752K, reserved 1048576K
}
Event: 174.023 GC heap before
{Heap before GC invocations=5 (full 0):
 garbage-first heap   total reserved 1030144K, committed 45056K, used 37504K [0x00000000c1200000, 0x0000000100000000)
  region size 1024K, 26 young (26624K), 2 survivors (2048K)
 Metaspace       used 23498K, committed 23936K, reserved 1114112K
  class space    used 2867K, committed 3072K, reserved 1048576K
}
Event: 174.032 GC heap after
{Heap after GC invocations=6 (full 0):
 garbage-first heap   total reserved 1030144K, committed 45056K, used 13659K [0x00000000c1200000, 0x0000000100000000)
  region size 1024K, 3 young (3072K), 3 survivors (3072K)
 Metaspace       used 23498K, committed 23936K, reserved 1114112K
  class space    used 2867K, committed 3072K, reserved 1048576K
}
Event: 174.088 GC heap before
{Heap before GC invocations=6 (full 0):
 garbage-first heap   total reserved 1030144K, committed 45056K, used 34139K [0x00000000c1200000, 0x0000000100000000)
  region size 1024K, 23 young (23552K), 3 survivors (3072K)
 Metaspace       used 23498K, committed 23936K, reserved 1114112K
  class space    used 2867K, committed 3072K, reserved 1048576K
}
Event: 174.098 GC heap after
{Heap after GC invocations=7 (full 0):
 garbage-first heap   total reserved 1030144K, committed 45056K, used 14071K [0x00000000c1200000, 0x0000000100000000)
  region size 1024K, 2 young (2048K), 2 survivors (2048K)
 Metaspace       used 23498K, committed 23936K, reserved 1114112K
  class space    used 2867K, committed 3072K, reserved 1048576K
}
Event: 176.703 GC heap before
{Heap before GC invocations=7 (full 0):
 garbage-first heap   total reserved 1030144K, committed 45056K, used 34551K [0x00000000c1200000, 0x0000000100000000)
  region size 1024K, 22 young (22528K), 2 survivors (2048K)
 Metaspace       used 26084K, committed 26624K, reserved 1114112K
  class space    used 3200K, committed 3456K, reserved 1048576K
}
Event: 176.713 GC heap after
{Heap after GC invocations=8 (full 0):
 garbage-first heap   total reserved 1030144K, committed 45056K, used 14790K [0x00000000c1200000, 0x0000000100000000)
  region size 1024K, 3 young (3072K), 3 survivors (3072K)
 Metaspace       used 26084K, committed 26624K, reserved 1114112K
  class space    used 3200K, committed 3456K, reserved 1048576K
}

