<?xml version="1.0" encoding="UTF-8"?>
<!-- Generated by org.testng.reporters.JUnitXMLReporter -->
<testsuite ignored="0" hostname="DESKTOP-MF5TFP0" failures="0" tests="2" name="Default test" time="93.3" errors="0" timestamp="2024-10-15T13:55:55 IST">
  <testcase classname="coverFoxTest.TC1234_CoverFox_ValidateBannerErrorMsgs" name="validateMobileNumErrorMg" time="4.976"/>
  <testcase classname="coverFoxTest.TC1234_CoverFox_ValidateBannerErrorMsgs" name="validatePinCodeErrorMsg" time="4.519"/>
</testsuite> <!-- Default test -->
