<?xml version="1.0" encoding="UTF-8"?>
<testng-results ignored="0" total="2" passed="2" failed="0" skipped="0">
  <reporter-output>
    <line>
      <![CDATA[Launching Browser]]>
    </line>
    <line>
      <![CDATA[Waiting...]]>
    </line>
    <line>
      <![CDATA[Clicking on Gender Button]]>
    </line>
    <line>
      <![CDATA[Clicking on Next Button]]>
    </line>
    <line>
      <![CDATA[Handeling Age dropdown]]>
    </line>
    <line>
      <![CDATA[Clicking on Next Button]]>
    </line>
    <line>
      <![CDATA[Entering Pincode]]>
    </line>
    <line>
      <![CDATA[Clicking on continue Button]]>
    </line>
    <line>
      <![CDATA[Closing Browser]]>
    </line>
    <line>
      <![CDATA[Launching Browser]]>
    </line>
    <line>
      <![CDATA[Waiting...]]>
    </line>
    <line>
      <![CDATA[Clicking on Gender Button]]>
    </line>
    <line>
      <![CDATA[Clicking on Next Button]]>
    </line>
    <line>
      <![CDATA[Handeling Age dropdown]]>
    </line>
    <line>
      <![CDATA[Clicking on Next Button]]>
    </line>
    <line>
      <![CDATA[Entering MobileNumber]]>
    </line>
    <line>
      <![CDATA[Clicking on continue Button]]>
    </line>
    <line>
      <![CDATA[Closing Browser]]>
    </line>
  </reporter-output>
  <suite started-at="2024-10-15T13:54:21 IST" name="Default suite" finished-at="2024-10-15T13:55:54 IST" duration-ms="93300">
    <groups>
    </groups>
    <test started-at="2024-10-15T13:54:21 IST" name="Default test" finished-at="2024-10-15T13:55:54 IST" duration-ms="93300">
      <class name="coverFoxTest.TC1234_CoverFox_ValidateBannerErrorMsgs">
        <test-method is-config="true" signature="enterDetails()[pri:0, instance:coverFoxTest.TC1234_CoverFox_ValidateBannerErrorMsgs@5bda8e08]" started-at="2024-10-15T13:54:21 IST" name="enterDetails" finished-at="2024-10-15T13:55:25 IST" duration-ms="63287" status="PASS">
          <reporter-output>
            <line>
              <![CDATA[Launching Browser]]>
            </line>
            <line>
              <![CDATA[Waiting...]]>
            </line>
            <line>
              <![CDATA[Clicking on Gender Button]]>
            </line>
            <line>
              <![CDATA[Clicking on Next Button]]>
            </line>
            <line>
              <![CDATA[Handeling Age dropdown]]>
            </line>
            <line>
              <![CDATA[Clicking on Next Button]]>
            </line>
          </reporter-output>
        </test-method> <!-- enterDetails -->
        <test-method signature="validateMobileNumErrorMg()[pri:-1, instance:coverFoxTest.TC1234_CoverFox_ValidateBannerErrorMsgs@5bda8e08]" started-at="2024-10-15T13:55:25 IST" name="validateMobileNumErrorMg" finished-at="2024-10-15T13:55:30 IST" duration-ms="4976" status="PASS">
          <reporter-output>
            <line>
              <![CDATA[Entering Pincode]]>
            </line>
            <line>
              <![CDATA[Clicking on continue Button]]>
            </line>
          </reporter-output>
        </test-method> <!-- validateMobileNumErrorMg -->
        <test-method is-config="true" signature="closeApplication()[pri:0, instance:coverFoxTest.TC1234_CoverFox_ValidateBannerErrorMsgs@5bda8e08]" started-at="2024-10-15T13:55:30 IST" name="closeApplication" finished-at="2024-10-15T13:55:30 IST" duration-ms="626" status="PASS">
          <reporter-output>
            <line>
              <![CDATA[Closing Browser]]>
            </line>
          </reporter-output>
        </test-method> <!-- closeApplication -->
        <test-method is-config="true" signature="enterDetails()[pri:0, instance:coverFoxTest.TC1234_CoverFox_ValidateBannerErrorMsgs@5bda8e08]" started-at="2024-10-15T13:55:30 IST" name="enterDetails" finished-at="2024-10-15T13:55:49 IST" duration-ms="19130" status="PASS">
          <reporter-output>
            <line>
              <![CDATA[Launching Browser]]>
            </line>
            <line>
              <![CDATA[Waiting...]]>
            </line>
            <line>
              <![CDATA[Clicking on Gender Button]]>
            </line>
            <line>
              <![CDATA[Clicking on Next Button]]>
            </line>
            <line>
              <![CDATA[Handeling Age dropdown]]>
            </line>
            <line>
              <![CDATA[Clicking on Next Button]]>
            </line>
          </reporter-output>
        </test-method> <!-- enterDetails -->
        <test-method signature="validatePinCodeErrorMsg()[pri:0, instance:coverFoxTest.TC1234_CoverFox_ValidateBannerErrorMsgs@5bda8e08]" started-at="2024-10-15T13:55:49 IST" name="validatePinCodeErrorMsg" finished-at="2024-10-15T13:55:54 IST" duration-ms="4519" status="PASS">
          <reporter-output>
            <line>
              <![CDATA[Entering MobileNumber]]>
            </line>
            <line>
              <![CDATA[Clicking on continue Button]]>
            </line>
          </reporter-output>
        </test-method> <!-- validatePinCodeErrorMsg -->
        <test-method is-config="true" signature="closeApplication()[pri:0, instance:coverFoxTest.TC1234_CoverFox_ValidateBannerErrorMsgs@5bda8e08]" started-at="2024-10-15T13:55:54 IST" name="closeApplication" finished-at="2024-10-15T13:55:54 IST" duration-ms="452" status="PASS">
          <reporter-output>
            <line>
              <![CDATA[Closing Browser]]>
            </line>
          </reporter-output>
        </test-method> <!-- closeApplication -->
      </class> <!-- coverFoxTest.TC1234_CoverFox_ValidateBannerErrorMsgs -->
    </test> <!-- Default test -->
  </suite> <!-- Default suite -->
</testng-results>
